c:\users\nasta\source\repos\mydll\debug\mydll.pch
c:\users\nasta\source\repos\mydll\debug\vc141.pdb
c:\users\nasta\source\repos\mydll\debug\vc141.idb
c:\users\nasta\source\repos\mydll\debug\stdafx.obj
c:\users\nasta\source\repos\mydll\debug\my_wstr.obj
c:\users\nasta\source\repos\mydll\debug\mydll.obj
c:\users\nasta\source\repos\mydll\debug\dllmain.obj
c:\users\nasta\source\repos\mydll\debug\mydll.ilk
c:\users\nasta\source\repos\mydll\debug\mydll.dll
c:\users\nasta\source\repos\mydll\debug\mydll.pdb
c:\users\nasta\source\repos\mydll\debug\mydll.lib
c:\users\nasta\source\repos\mydll\debug\mydll.exp
c:\users\nasta\source\repos\mydll\debug\vcpkg.applocal.log
c:\users\nasta\source\repos\mydll\debug\mydll.tlog\cl.command.1.tlog
c:\users\nasta\source\repos\mydll\debug\mydll.tlog\cl.read.1.tlog
c:\users\nasta\source\repos\mydll\debug\mydll.tlog\cl.write.1.tlog
c:\users\nasta\source\repos\mydll\debug\mydll.tlog\link.command.1.tlog
c:\users\nasta\source\repos\mydll\debug\mydll.tlog\link.read.1.tlog
c:\users\nasta\source\repos\mydll\debug\mydll.tlog\link.write.1.tlog
c:\users\nasta\source\repos\mydll\debug\mydll.tlog\mydll.write.1u.tlog
